<?xml version="1.0" encoding="UTF-8"?>
<Site BuildName="Win32-mingw32-make"
	BuildStamp="20240704-0413-Experimental"
	Name="SuperDuperCoolPC"
	Generator="ctest-3.30.0"
	CompilerName="C:/MinGW/bin/g++.exe"
	CompilerVersion="6.3.0"
	OSName="Windows"
	Hostname="SuperDuperCoolPC"
	OSRelease=" Professional"
	OSVersion=" (Build 19045)"
	OSPlatform="AMD64"
	Is64Bits="1"
	VendorString="AuthenticAMD"
	VendorID="Advanced Micro Devices"
	FamilyID="15"
	ModelID="1"
	ProcessorCacheSize="64"
	NumberOfLogicalCPU="16"
	NumberOfPhysicalCPU="8"
	TotalVirtualMemory="37536"
	TotalPhysicalMemory="32672"
	LogicalProcessorsPerPhysical="2"
	ProcessorClockFrequency="3393"
	>
	<Testing>
		<StartDateTime>Jul 04 00:28 Pacific Daylight Time</StartDateTime>
		<StartTestTime>1720078096</StartTestTime>
		<TestList/>
		<EndDateTime>Jul 04 00:28 Pacific Daylight Time</EndDateTime>
		<EndTestTime>1720078096</EndTestTime>
		<ElapsedMinutes>0</ElapsedMinutes>
	</Testing>
</Site>
